#
# There is insufficient memory for the Java Runtime Environment to continue.
# Native memory allocation (mmap) failed to map 264241152 bytes for G1 virtual space
# Possible reasons:
#   The system is out of physical RAM or swap space
#   The process is running with CompressedOops enabled, and the Java Heap may be blocking the growth of the native heap
# Possible solutions:
#   Reduce memory load on the system
#   Increase physical memory or swap space
#   Check if swap backing store is full
#   Decrease Java heap size (-Xmx/-Xms)
#   Decrease number of Java threads
#   Decrease Java thread stack sizes (-Xss)
#   Set larger code cache with -XX:ReservedCodeCacheSize=
#   JVM is running with Zero Based Compressed Oops mode in which the Java heap is
#     placed in the first 32GB address space. The Java Heap base address is the
#     maximum limit for the native heap growth. Please use -XX:HeapBaseMinAddress
#     to set the Java Heap base and to place the Java Heap above 32GB virtual address.
# This output file may be truncated or incomplete.
#
#  Out of Memory Error (os_windows.cpp:3825), pid=25728, tid=14360
#
# JRE version:  (17.0.10+1) (build )
# Java VM: OpenJDK 64-Bit Server VM (17.0.10+1-b1087.17, mixed mode, sharing, tiered, compressed oops, compressed class ptrs, g1 gc, windows-amd64)
# No core dump will be written. Minidumps are not enabled by default on client versions of Windows
#

---------------  S U M M A R Y ------------

Command Line: git4idea.http.GitAskPassApp Username for 'https://github.com': 

Host: 13th Gen Intel(R) Core(TM) i7-13620H, 16 cores, 15G,  Windows 11 , 64 bit Build 22621 (10.0.22621.3527)
Time: Sun Jun 16 23:41:10 2024 SE Asia Standard Time elapsed time: 0.008214 seconds (0d 0h 0m 0s)

---------------  T H R E A D  ---------------

Current thread (0x0000021141fbb5c0):  JavaThread "Unknown thread" [_thread_in_vm, id=14360, stack(0x000000371de00000,0x000000371df00000)]

Stack: [0x000000371de00000,0x000000371df00000]
Native frames: (J=compiled Java code, j=interpreted, Vv=VM code, C=native code)
V  [jvm.dll+0x688ac9]
V  [jvm.dll+0x84220a]
V  [jvm.dll+0x843e4e]
V  [jvm.dll+0x8444b3]
V  [jvm.dll+0x24ba8f]
V  [jvm.dll+0x685899]
V  [jvm.dll+0x67a14a]
V  [jvm.dll+0x30c7eb]
V  [jvm.dll+0x313c96]
V  [jvm.dll+0x363a2e]
V  [jvm.dll+0x363c5f]
V  [jvm.dll+0x2e25b8]
V  [jvm.dll+0x2e3524]
V  [jvm.dll+0x812d71]
V  [jvm.dll+0x3718e1]
V  [jvm.dll+0x7f18d6]
V  [jvm.dll+0x3f553f]
V  [jvm.dll+0x3f7171]
C  [jli.dll+0x528f]
C  [ucrtbase.dll+0x29333]
C  [KERNEL32.DLL+0x1257d]
C  [ntdll.dll+0x5aa48]


---------------  P R O C E S S  ---------------

Threads class SMR info:
_java_thread_list=0x00007ffb0765ef58, length=0, elements={
}

Java Threads: ( => current thread )

Other Threads:
  0x0000021142028880 GCTaskThread "GC Thread#0" [stack: 0x000000371df00000,0x000000371e000000] [id=34736]
  0x0000021142039390 ConcurrentGCThread "G1 Main Marker" [stack: 0x000000371e000000,0x000000371e100000] [id=31748]
  0x0000021142039db0 ConcurrentGCThread "G1 Conc#0" [stack: 0x000000371e100000,0x000000371e200000] [id=13540]

[error occurred during error reporting (printing all threads), id 0xc0000005, EXCEPTION_ACCESS_VIOLATION (0xc0000005) at pc=0x00007ffb06e13187]

VM state: not at safepoint (not fully initialized)

VM Mutex/Monitor currently owned by a thread:  ([mutex/lock_event])
[0x0000021141fb6d90] Heap_lock - owner thread: 0x0000021141fbb5c0

Heap address: 0x0000000704400000, size: 4028 MB, Compressed Oops mode: Zero based, Oop shift amount: 3

CDS archive(s) mapped at: [0x0000000000000000-0x0000000000000000-0x0000000000000000), size 0, SharedBaseAddress: 0x0000000800000000, ArchiveRelocationMode: 1.
Narrow klass base: 0x0000000000000000, Narrow klass shift: 0, Narrow klass range: 0x0

GC Precious Log:
<Empty>

Heap:
 garbage-first heap   total 0K, used 0K [0x0000000704400000, 0x0000000800000000)
  region size 2048K, 0 young (0K), 0 survivors (0K)
 Metaspace       used 0K, committed 0K, reserved 0K
  class space    used 0K, committed 0K, reserved 0K

Heap Regions: E=young(eden), S=young(survivor), O=old, HS=humongous(starts), HC=humongous(continues), CS=collection set, F=free, OA=open archive, CA=closed archive, TAMS=top-at-mark-start (previous, next)

Card table byte_map: [0x0000021155790000,0x0000021155f70000] _byte_map_base: 0x0000021151f6e000

Marking Bits (Prev, Next): (CMBitMap*) 0x0000021142028ea0, (CMBitMap*) 0x0000021142028ee0
 Prev Bits: [0x0000021156750000, 0x000002115a640000)
 Next Bits: [0x000002115a640000, 0x000002115e530000)

GC Heap History (0 events):
No events

Dll operation events (1 events):
Event: 0.005 Loaded shared library E:\APLIKASI\IntelliJ IDEA 2023.3.4\jbr\bin\java.dll

Deoptimization events (0 events):
No events

Classes unloaded (0 events):
No events

Classes redefined (0 events):
No events

Internal exceptions (0 events):
No events

VM Operations (0 events):
No events

Events (0 events):
No events


Dynamic libraries:
0x00007ff7f07a0000 - 0x00007ff7f07aa000 	E:\APLIKASI\IntelliJ IDEA 2023.3.4\jbr\bin\java.exe
0x00007ffb96e30000 - 0x00007ffb97047000 	C:\WINDOWS\SYSTEM32\ntdll.dll
0x00007ffb954d0000 - 0x00007ffb95594000 	C:\WINDOWS\System32\KERNEL32.DLL
0x00007ffb94150000 - 0x00007ffb944f7000 	C:\WINDOWS\System32\KERNELBASE.dll
0x00007ffb94500000 - 0x00007ffb94611000 	C:\WINDOWS\System32\ucrtbase.dll
0x00007ffb81e70000 - 0x00007ffb81e87000 	E:\APLIKASI\IntelliJ IDEA 2023.3.4\jbr\bin\jli.dll
0x00007ffb77430000 - 0x00007ffb7744b000 	E:\APLIKASI\IntelliJ IDEA 2023.3.4\jbr\bin\VCRUNTIME140.dll
0x00007ffb94c10000 - 0x00007ffb94dbe000 	C:\WINDOWS\System32\USER32.dll
0x00007ffb94a90000 - 0x00007ffb94ab6000 	C:\WINDOWS\System32\win32u.dll
0x00007ffb94be0000 - 0x00007ffb94c09000 	C:\WINDOWS\System32\GDI32.dll
0x00007ffb821e0000 - 0x00007ffb82473000 	C:\WINDOWS\WinSxS\amd64_microsoft.windows.common-controls_6595b64144ccf1df_6.0.22621.3527_none_270e469b73872a76\COMCTL32.dll
0x00007ffb94970000 - 0x00007ffb94a89000 	C:\WINDOWS\System32\gdi32full.dll
0x00007ffb95910000 - 0x00007ffb959b7000 	C:\WINDOWS\System32\msvcrt.dll
0x00007ffb94ac0000 - 0x00007ffb94b5a000 	C:\WINDOWS\System32\msvcp_win.dll
0x00007ffb94e30000 - 0x00007ffb94e61000 	C:\WINDOWS\System32\IMM32.DLL
0x00007ffb71350000 - 0x00007ffb7135c000 	E:\APLIKASI\IntelliJ IDEA 2023.3.4\jbr\bin\vcruntime140_1.dll
0x00007ffb40b00000 - 0x00007ffb40b8d000 	E:\APLIKASI\IntelliJ IDEA 2023.3.4\jbr\bin\msvcp140.dll
0x00007ffb06b20000 - 0x00007ffb077a3000 	E:\APLIKASI\IntelliJ IDEA 2023.3.4\jbr\bin\server\jvm.dll
0x00007ffb95be0000 - 0x00007ffb95c92000 	C:\WINDOWS\System32\ADVAPI32.dll
0x00007ffb95650000 - 0x00007ffb956f8000 	C:\WINDOWS\System32\sechost.dll
0x00007ffb94940000 - 0x00007ffb94968000 	C:\WINDOWS\System32\bcrypt.dll
0x00007ffb95ca0000 - 0x00007ffb95db5000 	C:\WINDOWS\System32\RPCRT4.dll
0x00007ffb92fb0000 - 0x00007ffb92ffd000 	C:\WINDOWS\SYSTEM32\POWRPROF.dll
0x00007ffb65970000 - 0x00007ffb65979000 	C:\WINDOWS\SYSTEM32\WSOCK32.dll
0x00007ffb96d70000 - 0x00007ffb96de1000 	C:\WINDOWS\System32\WS2_32.dll
0x00007ffb8ad10000 - 0x00007ffb8ad44000 	C:\WINDOWS\SYSTEM32\WINMM.dll
0x00007ffb82a90000 - 0x00007ffb82a9a000 	C:\WINDOWS\SYSTEM32\VERSION.dll
0x00007ffb92f70000 - 0x00007ffb92f83000 	C:\WINDOWS\SYSTEM32\UMPDC.dll
0x00007ffb93220000 - 0x00007ffb93238000 	C:\WINDOWS\SYSTEM32\kernel.appcore.dll
0x00007ffb8c530000 - 0x00007ffb8c53a000 	E:\APLIKASI\IntelliJ IDEA 2023.3.4\jbr\bin\jimage.dll
0x00007ffb91450000 - 0x00007ffb91682000 	C:\WINDOWS\SYSTEM32\DBGHELP.DLL
0x00007ffb968e0000 - 0x00007ffb96c68000 	C:\WINDOWS\System32\combase.dll
0x00007ffb94ef0000 - 0x00007ffb94fc7000 	C:\WINDOWS\System32\OLEAUT32.dll
0x00007ffb5d750000 - 0x00007ffb5d782000 	C:\WINDOWS\SYSTEM32\dbgcore.DLL
0x00007ffb94800000 - 0x00007ffb94879000 	C:\WINDOWS\System32\bcryptPrimitives.dll
0x00007ffb8ab40000 - 0x00007ffb8ab65000 	E:\APLIKASI\IntelliJ IDEA 2023.3.4\jbr\bin\java.dll

dbghelp: loaded successfully - version: 4.0.5 - missing functions: none
symbol engine: initialized successfully - sym options: 0x614 - pdb path: .;E:\APLIKASI\IntelliJ IDEA 2023.3.4\jbr\bin;C:\WINDOWS\SYSTEM32;C:\WINDOWS\WinSxS\amd64_microsoft.windows.common-controls_6595b64144ccf1df_6.0.22621.3527_none_270e469b73872a76;E:\APLIKASI\IntelliJ IDEA 2023.3.4\jbr\bin\server

VM Arguments:
java_command: git4idea.http.GitAskPassApp Username for 'https://github.com': 
java_class_path (initial): E:/APLIKASI/IntelliJ IDEA 2023.3.4/plugins/vcs-git/lib/git4idea-rt.jar;E:/APLIKASI/IntelliJ IDEA 2023.3.4/lib/externalProcess-rt.jar
Launcher Type: SUN_STANDARD

[Global flags]
     intx CICompilerCount                          = 12                                        {product} {ergonomic}
     uint ConcGCThreads                            = 3                                         {product} {ergonomic}
     uint G1ConcRefinementThreads                  = 13                                        {product} {ergonomic}
   size_t G1HeapRegionSize                         = 2097152                                   {product} {ergonomic}
    uintx GCDrainStackTargetSize                   = 64                                        {product} {ergonomic}
   size_t InitialHeapSize                          = 264241152                                 {product} {ergonomic}
   size_t MarkStackSize                            = 4194304                                   {product} {ergonomic}
   size_t MaxHeapSize                              = 4223664128                                {product} {ergonomic}
   size_t MinHeapDeltaBytes                        = 2097152                                   {product} {ergonomic}
   size_t MinHeapSize                              = 8388608                                   {product} {ergonomic}
    uintx NonNMethodCodeHeapSize                   = 7602480                                {pd product} {ergonomic}
    uintx NonProfiledCodeHeapSize                  = 122027880                              {pd product} {ergonomic}
    uintx ProfiledCodeHeapSize                     = 122027880                              {pd product} {ergonomic}
    uintx ReservedCodeCacheSize                    = 251658240                              {pd product} {ergonomic}
     bool SegmentedCodeCache                       = true                                      {product} {ergonomic}
   size_t SoftMaxHeapSize                          = 4223664128                             {manageable} {ergonomic}
     bool UseCompressedClassPointers               = true                           {product lp64_product} {ergonomic}
     bool UseCompressedOops                        = true                           {product lp64_product} {ergonomic}
     bool UseG1GC                                  = true                                      {product} {ergonomic}
     bool UseLargePagesIndividualAllocation        = false                                  {pd product} {ergonomic}

Logging:
Log output configuration:
 #0: stdout all=warning uptime,level,tags
 #1: stderr all=off uptime,level,tags

Environment Variables:
PATH=E:\APLIKASI\Git\mingw64\libexec\git-core;E:\APLIKASI\Git\mingw64\libexec\git-core;E:\APLIKASI\Git\mingw64\bin;E:\APLIKASI\Git\usr\bin;C:\Users\enter\bin;C:\Program Files\Common Files\Oracle\Java\javapath;C:\WINDOWS\system32;C:\WINDOWS;C:\WINDOWS\System32\Wbem;C:\WINDOWS\System32\WindowsPowerShell\v1.0;C:\WINDOWS\System32\OpenSSH;C:\Program Files (x86)\Microsoft SQL Server\160\DTS\Binn;C:\Program Files (x86)\Microsoft SQL Server\160\Tools\Binn;C:\Program Files\Microsoft SQL Server\160\Tools\Binn;C:\Program Files\Microsoft SQL Server\Client SDK\ODBC\170\Tools\Binn;C:\Program Files\Microsoft SQL Server\160\DTS\Binn;C:\Program Files\Microsoft SQL Server\150\Tools\Binn;C:\Program Files\dotnet;E:\APLIKASI\Git\cmd;C:\Users\enter\.jdks\openjdk-21.0.2\bin;C:\Users\enter\AppData\Local\Microsoft\WindowsApps;C:\Users\enter\AppData\Local\Programs\Microsoft VS Code\bin;C:\Users\enter\.dotnet\tools
USERNAME=PINTAR
DISPLAY=:0.0
LC_ALL=en_US.UTF-8
TERM=xterm-256color
TMPDIR=C:\Users\enter\AppData\Local\Temp
OS=Windows_NT
PROCESSOR_IDENTIFIER=Intel64 Family 6 Model 186 Stepping 2, GenuineIntel
TMP=C:\Users\enter\AppData\Local\Temp
TEMP=C:\Users\enter\AppData\Local\Temp



Periodic native trim disabled

JNI global refs:
JNI global refs: 0, weak refs: 0

JNI global refs memory usage: 0, weak refs: 0

OOME stack traces (most recent first):
Classloader memory used:


---------------  S Y S T E M  ---------------

OS:
 Windows 11 , 64 bit Build 22621 (10.0.22621.3527)
OS uptime: 5 days 10:27 hours
Hyper-V role detected

CPU: total 16 (initial active 16) (8 cores per cpu, 2 threads per core) family 6 model 186 stepping 2 microcode 0x410e, cx8, cmov, fxsr, ht, mmx, 3dnowpref, sse, sse2, sse3, ssse3, sse4.1, sse4.2, popcnt, lzcnt, tsc, tscinvbit, avx, avx2, aes, erms, clmul, bmi1, bmi2, adx, sha, fma, vzeroupper, clflush, clflushopt, clwb, hv
Processor Information for processor 0
  Max Mhz: 2400, Current Mhz: 2400, Mhz Limit: 2400
Processor Information for processor 1
  Max Mhz: 2400, Current Mhz: 1040, Mhz Limit: 2400
Processor Information for processor 2
  Max Mhz: 2400, Current Mhz: 1040, Mhz Limit: 2400
Processor Information for processor 3
  Max Mhz: 2400, Current Mhz: 1040, Mhz Limit: 2400
Processor Information for processor 4
  Max Mhz: 2400, Current Mhz: 2400, Mhz Limit: 2400
Processor Information for processor 5
  Max Mhz: 2400, Current Mhz: 2400, Mhz Limit: 2400
Processor Information for processor 6
  Max Mhz: 2400, Current Mhz: 2400, Mhz Limit: 2400
Processor Information for processor 7
  Max Mhz: 2400, Current Mhz: 2400, Mhz Limit: 2400
Processor Information for processor 8
  Max Mhz: 2400, Current Mhz: 1040, Mhz Limit: 2400
Processor Information for processor 9
  Max Mhz: 2400, Current Mhz: 1040, Mhz Limit: 2400
Processor Information for processor 10
  Max Mhz: 2400, Current Mhz: 2400, Mhz Limit: 2400
Processor Information for processor 11
  Max Mhz: 2400, Current Mhz: 2400, Mhz Limit: 2400
Processor Information for processor 12
  Max Mhz: 2400, Current Mhz: 1200, Mhz Limit: 1800
Processor Information for processor 13
  Max Mhz: 2400, Current Mhz: 1200, Mhz Limit: 1800
Processor Information for processor 14
  Max Mhz: 2400, Current Mhz: 1200, Mhz Limit: 1800
Processor Information for processor 15
  Max Mhz: 2400, Current Mhz: 1200, Mhz Limit: 1800

Memory: 4k page, system-wide physical 16107M (388M free)
TotalPageFile size 32071M (AvailPageFile size 90M)
current process WorkingSet (physical memory assigned to process): 11M, peak: 11M
current process commit charge ("private bytes"): 70M, peak: 322M

vm_info: OpenJDK 64-Bit Server VM (17.0.10+1-b1087.17) for windows-amd64 JRE (17.0.10+1-b1087.17), built on 2024-01-19 by "builduser" with MS VC++ 16.10 / 16.11 (VS2019)

END.
