#
# There is insufficient memory for the Java Runtime Environment to continue.
# Native memory allocation (malloc) failed to allocate 59456 bytes for Chunk::new
# Possible reasons:
#   The system is out of physical RAM or swap space
#   The process is running with CompressedOops enabled, and the Java Heap may be blocking the growth of the native heap
# Possible solutions:
#   Reduce memory load on the system
#   Increase physical memory or swap space
#   Check if swap backing store is full
#   Decrease Java heap size (-Xmx/-Xms)
#   Decrease number of Java threads
#   Decrease Java thread stack sizes (-Xss)
#   Set larger code cache with -XX:ReservedCodeCacheSize=
#   JVM is running with Zero Based Compressed Oops mode in which the Java heap is
#     placed in the first 32GB address space. The Java Heap base address is the
#     maximum limit for the native heap growth. Please use -XX:HeapBaseMinAddress
#     to set the Java Heap base and to place the Java Heap above 32GB virtual address.
# This output file may be truncated or incomplete.
#
#  Out of Memory Error (arena.cpp:191), pid=32516, tid=32376
#
# JRE version: OpenJDK Runtime Environment JBR-17.0.10+1-1087.17-jcef (17.0.10+1) (build 17.0.10+1-b1087.17)
# Java VM: OpenJDK 64-Bit Server VM JBR-17.0.10+1-1087.17-jcef (17.0.10+1-b1087.17, mixed mode, tiered, compressed oops, compressed class ptrs, g1 gc, windows-amd64)
# No core dump will be written. Minidumps are not enabled by default on client versions of Windows
#

---------------  S U M M A R Y ------------

Command Line: git4idea.http.GitAskPassApp Password for 'https://RaditSuryaWijya@github.com': 

Host: 13th Gen Intel(R) Core(TM) i7-13620H, 16 cores, 15G,  Windows 11 , 64 bit Build 22621 (10.0.22621.3527)
Time: Sun Jun 16 22:41:13 2024 SE Asia Standard Time elapsed time: 0.569735 seconds (0d 0h 0m 0s)

---------------  T H R E A D  ---------------

Current thread (0x000002042ac436e0):  JavaThread "C2 CompilerThread0" daemon [_thread_in_native, id=32376, stack(0x000000b9cbc00000,0x000000b9cbd00000)]


Current CompileTask:
C2:    569  791       4       java.lang.StringLatin1::replace (198 bytes)

Stack: [0x000000b9cbc00000,0x000000b9cbd00000]
Native frames: (J=compiled Java code, j=interpreted, Vv=VM code, C=native code)
V  [jvm.dll+0x688ac9]
V  [jvm.dll+0x84220a]
V  [jvm.dll+0x843e4e]
V  [jvm.dll+0x8444b3]
V  [jvm.dll+0x24ba8f]
V  [jvm.dll+0xac524]
V  [jvm.dll+0xacb6c]
V  [jvm.dll+0x2b308f]
V  [jvm.dll+0x58ff37]
V  [jvm.dll+0x226102]
V  [jvm.dll+0x21f1a2]
V  [jvm.dll+0x21ca61]
V  [jvm.dll+0x1a603d]
V  [jvm.dll+0x22ca18]
V  [jvm.dll+0x22ab50]
V  [jvm.dll+0x7f6687]
V  [jvm.dll+0x7f0a8a]
V  [jvm.dll+0x687945]
C  [ucrtbase.dll+0x29333]
C  [KERNEL32.DLL+0x1257d]
C  [ntdll.dll+0x5aa48]


---------------  P R O C E S S  ---------------

Threads class SMR info:
_java_thread_list=0x00000204304db120, length=17, elements={
0x000002040bf7b640, 0x000002042b583250, 0x000002042b5850e0, 0x000002042ac3d9e0,
0x000002042ac3f5b0, 0x000002042ac41f80, 0x000002042ac42940, 0x000002042ac436e0,
0x000002042b5c8010, 0x000002042b5d2640, 0x000002042b71e1c0, 0x000002042b7227a0,
0x000002042b73d710, 0x000002042b736980, 0x00000204301934f0, 0x0000020430191650,
0x000002043050d080
}

Java Threads: ( => current thread )
  0x000002040bf7b640 JavaThread "main" [_thread_in_vm, id=11092, stack(0x000000b9caf00000,0x000000b9cb000000)]
  0x000002042b583250 JavaThread "Reference Handler" daemon [_thread_blocked, id=19080, stack(0x000000b9cb600000,0x000000b9cb700000)]
  0x000002042b5850e0 JavaThread "Finalizer" daemon [_thread_blocked, id=12572, stack(0x000000b9cb700000,0x000000b9cb800000)]
  0x000002042ac3d9e0 JavaThread "Signal Dispatcher" daemon [_thread_blocked, id=32764, stack(0x000000b9cb800000,0x000000b9cb900000)]
  0x000002042ac3f5b0 JavaThread "Attach Listener" daemon [_thread_blocked, id=20296, stack(0x000000b9cb900000,0x000000b9cba00000)]
  0x000002042ac41f80 JavaThread "Service Thread" daemon [_thread_blocked, id=8556, stack(0x000000b9cba00000,0x000000b9cbb00000)]
  0x000002042ac42940 JavaThread "Monitor Deflation Thread" daemon [_thread_blocked, id=21956, stack(0x000000b9cbb00000,0x000000b9cbc00000)]
=>0x000002042ac436e0 JavaThread "C2 CompilerThread0" daemon [_thread_in_native, id=32376, stack(0x000000b9cbc00000,0x000000b9cbd00000)]
  0x000002042b5c8010 JavaThread "C1 CompilerThread0" daemon [_thread_in_native, id=25848, stack(0x000000b9cbd00000,0x000000b9cbe00000)]
  0x000002042b5d2640 JavaThread "Sweeper thread" daemon [_thread_blocked, id=296, stack(0x000000b9cbe00000,0x000000b9cbf00000)]
  0x000002042b71e1c0 JavaThread "C1 CompilerThread1" daemon [_thread_blocked, id=4520, stack(0x000000b9cbf00000,0x000000b9cc000000)]
  0x000002042b7227a0 JavaThread "C1 CompilerThread2" daemon [_thread_blocked, id=25400, stack(0x000000b9cc000000,0x000000b9cc100000)]
  0x000002042b73d710 JavaThread "Notification Thread" daemon [_thread_blocked, id=32924, stack(0x000000b9cc100000,0x000000b9cc200000)]
  0x000002042b736980 JavaThread "Common-Cleaner" daemon [_thread_blocked, id=25000, stack(0x000000b9cc300000,0x000000b9cc400000)]
  0x00000204301934f0 JavaThread "C2 CompilerThread1" daemon [_thread_in_native, id=7864, stack(0x000000b9cc400000,0x000000b9cc500000)]
  0x0000020430191650 JavaThread "HttpClient-1-SelectorManager" daemon [_thread_in_vm, id=7812, stack(0x000000b9cc500000,0x000000b9cc600000)]
  0x000002043050d080 JavaThread "HttpClient-1-Worker-0" daemon [_thread_new, id=21124, stack(0x0000000000000000,0x0000000000000000)]

Other Threads:
  0x000002042ac2dd20 VMThread "VM Thread" [stack: 0x000000b9cb500000,0x000000b9cb600000] [id=4944]
  0x000002042b735f20 WatcherThread [stack: 0x000000b9cc200000,0x000000b9cc300000] [id=33216]
  0x000002040bfe6800 GCTaskThread "GC Thread#0" [stack: 0x000000b9cb000000,0x000000b9cb100000] [id=28108]
  0x000002040bff7310 ConcurrentGCThread "G1 Main Marker" [stack: 0x000000b9cb100000,0x000000b9cb200000] [id=7668]
  0x000002040bff8d40 ConcurrentGCThread "G1 Conc#0" [stack: 0x000000b9cb200000,0x000000b9cb300000] [id=20308]
  0x000002040c02d130 ConcurrentGCThread "G1 Refine#0" [stack: 0x000000b9cb300000,0x000000b9cb400000] [id=35212]
  0x000002040c02eb70 ConcurrentGCThread "G1 Service" [stack: 0x000000b9cb400000,0x000000b9cb500000] [id=25120]

Threads with active compile tasks:
C2 CompilerThread0      608  791       4       java.lang.StringLatin1::replace (198 bytes)
C2 CompilerThread1      608  902   !   4       java.util.concurrent.ConcurrentHashMap::putVal (432 bytes)

VM state: not at safepoint (normal execution)

VM Mutex/Monitor currently owned by a thread: None

Heap address: 0x0000000704400000, size: 4028 MB, Compressed Oops mode: Zero based, Oop shift amount: 3

CDS archive(s) not mapped
Compressed class space mapped at: 0x0000000800000000-0x0000000840000000, reserved size: 1073741824
Narrow klass base: 0x0000000800000000, Narrow klass shift: 0, Narrow klass range: 0x40000000

GC Precious Log:
 CPUs: 16 total, 16 available
 Memory: 16107M
 Large Page Support: Disabled
 NUMA Support: Disabled
 Compressed Oops: Enabled (Zero based)
 Heap Region Size: 2M
 Heap Min Capacity: 8M
 Heap Initial Capacity: 252M
 Heap Max Capacity: 4028M
 Pre-touch: Disabled
 Parallel Workers: 13
 Concurrent Workers: 3
 Concurrent Refinement Workers: 13
 Periodic GC: Disabled

Heap:
 garbage-first heap   total 258048K, used 10240K [0x0000000704400000, 0x0000000800000000)
  region size 2048K, 6 young (12288K), 0 survivors (0K)
 Metaspace       used 13971K, committed 14144K, reserved 1114112K
  class space    used 1391K, committed 1472K, reserved 1048576K

Heap Regions: E=young(eden), S=young(survivor), O=old, HS=humongous(starts), HC=humongous(continues), CS=collection set, F=free, OA=open archive, CA=closed archive, TAMS=top-at-mark-start (previous, next)
|   0|0x0000000704400000, 0x0000000704400000, 0x0000000704600000|  0%| F|  |TAMS 0x0000000704400000, 0x0000000704400000| Untracked 
|   1|0x0000000704600000, 0x0000000704600000, 0x0000000704800000|  0%| F|  |TAMS 0x0000000704600000, 0x0000000704600000| Untracked 
|   2|0x0000000704800000, 0x0000000704800000, 0x0000000704a00000|  0%| F|  |TAMS 0x0000000704800000, 0x0000000704800000| Untracked 
|   3|0x0000000704a00000, 0x0000000704a00000, 0x0000000704c00000|  0%| F|  |TAMS 0x0000000704a00000, 0x0000000704a00000| Untracked 
|   4|0x0000000704c00000, 0x0000000704c00000, 0x0000000704e00000|  0%| F|  |TAMS 0x0000000704c00000, 0x0000000704c00000| Untracked 
|   5|0x0000000704e00000, 0x0000000704e00000, 0x0000000705000000|  0%| F|  |TAMS 0x0000000704e00000, 0x0000000704e00000| Untracked 
|   6|0x0000000705000000, 0x0000000705000000, 0x0000000705200000|  0%| F|  |TAMS 0x0000000705000000, 0x0000000705000000| Untracked 
|   7|0x0000000705200000, 0x0000000705200000, 0x0000000705400000|  0%| F|  |TAMS 0x0000000705200000, 0x0000000705200000| Untracked 
|   8|0x0000000705400000, 0x0000000705400000, 0x0000000705600000|  0%| F|  |TAMS 0x0000000705400000, 0x0000000705400000| Untracked 
|   9|0x0000000705600000, 0x0000000705600000, 0x0000000705800000|  0%| F|  |TAMS 0x0000000705600000, 0x0000000705600000| Untracked 
|  10|0x0000000705800000, 0x0000000705800000, 0x0000000705a00000|  0%| F|  |TAMS 0x0000000705800000, 0x0000000705800000| Untracked 
|  11|0x0000000705a00000, 0x0000000705a00000, 0x0000000705c00000|  0%| F|  |TAMS 0x0000000705a00000, 0x0000000705a00000| Untracked 
|  12|0x0000000705c00000, 0x0000000705c00000, 0x0000000705e00000|  0%| F|  |TAMS 0x0000000705c00000, 0x0000000705c00000| Untracked 
|  13|0x0000000705e00000, 0x0000000705e00000, 0x0000000706000000|  0%| F|  |TAMS 0x0000000705e00000, 0x0000000705e00000| Untracked 
|  14|0x0000000706000000, 0x0000000706000000, 0x0000000706200000|  0%| F|  |TAMS 0x0000000706000000, 0x0000000706000000| Untracked 
|  15|0x0000000706200000, 0x0000000706200000, 0x0000000706400000|  0%| F|  |TAMS 0x0000000706200000, 0x0000000706200000| Untracked 
|  16|0x0000000706400000, 0x0000000706400000, 0x0000000706600000|  0%| F|  |TAMS 0x0000000706400000, 0x0000000706400000| Untracked 
|  17|0x0000000706600000, 0x0000000706600000, 0x0000000706800000|  0%| F|  |TAMS 0x0000000706600000, 0x0000000706600000| Untracked 
|  18|0x0000000706800000, 0x0000000706800000, 0x0000000706a00000|  0%| F|  |TAMS 0x0000000706800000, 0x0000000706800000| Untracked 
|  19|0x0000000706a00000, 0x0000000706a00000, 0x0000000706c00000|  0%| F|  |TAMS 0x0000000706a00000, 0x0000000706a00000| Untracked 
|  20|0x0000000706c00000, 0x0000000706c00000, 0x0000000706e00000|  0%| F|  |TAMS 0x0000000706c00000, 0x0000000706c00000| Untracked 
|  21|0x0000000706e00000, 0x0000000706e00000, 0x0000000707000000|  0%| F|  |TAMS 0x0000000706e00000, 0x0000000706e00000| Untracked 
|  22|0x0000000707000000, 0x0000000707000000, 0x0000000707200000|  0%| F|  |TAMS 0x0000000707000000, 0x0000000707000000| Untracked 
|  23|0x0000000707200000, 0x0000000707200000, 0x0000000707400000|  0%| F|  |TAMS 0x0000000707200000, 0x0000000707200000| Untracked 
|  24|0x0000000707400000, 0x0000000707400000, 0x0000000707600000|  0%| F|  |TAMS 0x0000000707400000, 0x0000000707400000| Untracked 
|  25|0x0000000707600000, 0x0000000707600000, 0x0000000707800000|  0%| F|  |TAMS 0x0000000707600000, 0x0000000707600000| Untracked 
|  26|0x0000000707800000, 0x0000000707800000, 0x0000000707a00000|  0%| F|  |TAMS 0x0000000707800000, 0x0000000707800000| Untracked 
|  27|0x0000000707a00000, 0x0000000707a00000, 0x0000000707c00000|  0%| F|  |TAMS 0x0000000707a00000, 0x0000000707a00000| Untracked 
|  28|0x0000000707c00000, 0x0000000707c00000, 0x0000000707e00000|  0%| F|  |TAMS 0x0000000707c00000, 0x0000000707c00000| Untracked 
|  29|0x0000000707e00000, 0x0000000707e00000, 0x0000000708000000|  0%| F|  |TAMS 0x0000000707e00000, 0x0000000707e00000| Untracked 
|  30|0x0000000708000000, 0x0000000708000000, 0x0000000708200000|  0%| F|  |TAMS 0x0000000708000000, 0x0000000708000000| Untracked 
|  31|0x0000000708200000, 0x0000000708200000, 0x0000000708400000|  0%| F|  |TAMS 0x0000000708200000, 0x0000000708200000| Untracked 
|  32|0x0000000708400000, 0x0000000708400000, 0x0000000708600000|  0%| F|  |TAMS 0x0000000708400000, 0x0000000708400000| Untracked 
|  33|0x0000000708600000, 0x0000000708600000, 0x0000000708800000|  0%| F|  |TAMS 0x0000000708600000, 0x0000000708600000| Untracked 
|  34|0x0000000708800000, 0x0000000708800000, 0x0000000708a00000|  0%| F|  |TAMS 0x0000000708800000, 0x0000000708800000| Untracked 
|  35|0x0000000708a00000, 0x0000000708a00000, 0x0000000708c00000|  0%| F|  |TAMS 0x0000000708a00000, 0x0000000708a00000| Untracked 
|  36|0x0000000708c00000, 0x0000000708c00000, 0x0000000708e00000|  0%| F|  |TAMS 0x0000000708c00000, 0x0000000708c00000| Untracked 
|  37|0x0000000708e00000, 0x0000000708e00000, 0x0000000709000000|  0%| F|  |TAMS 0x0000000708e00000, 0x0000000708e00000| Untracked 
|  38|0x0000000709000000, 0x0000000709000000, 0x0000000709200000|  0%| F|  |TAMS 0x0000000709000000, 0x0000000709000000| Untracked 
|  39|0x0000000709200000, 0x0000000709200000, 0x0000000709400000|  0%| F|  |TAMS 0x0000000709200000, 0x0000000709200000| Untracked 
|  40|0x0000000709400000, 0x0000000709400000, 0x0000000709600000|  0%| F|  |TAMS 0x0000000709400000, 0x0000000709400000| Untracked 
|  41|0x0000000709600000, 0x0000000709600000, 0x0000000709800000|  0%| F|  |TAMS 0x0000000709600000, 0x0000000709600000| Untracked 
|  42|0x0000000709800000, 0x0000000709800000, 0x0000000709a00000|  0%| F|  |TAMS 0x0000000709800000, 0x0000000709800000| Untracked 
|  43|0x0000000709a00000, 0x0000000709a00000, 0x0000000709c00000|  0%| F|  |TAMS 0x0000000709a00000, 0x0000000709a00000| Untracked 
|  44|0x0000000709c00000, 0x0000000709c00000, 0x0000000709e00000|  0%| F|  |TAMS 0x0000000709c00000, 0x0000000709c00000| Untracked 
|  45|0x0000000709e00000, 0x0000000709e00000, 0x000000070a000000|  0%| F|  |TAMS 0x0000000709e00000, 0x0000000709e00000| Untracked 
|  46|0x000000070a000000, 0x000000070a000000, 0x000000070a200000|  0%| F|  |TAMS 0x000000070a000000, 0x000000070a000000| Untracked 
|  47|0x000000070a200000, 0x000000070a200000, 0x000000070a400000|  0%| F|  |TAMS 0x000000070a200000, 0x000000070a200000| Untracked 
|  48|0x000000070a400000, 0x000000070a400000, 0x000000070a600000|  0%| F|  |TAMS 0x000000070a400000, 0x000000070a400000| Untracked 
|  49|0x000000070a600000, 0x000000070a600000, 0x000000070a800000|  0%| F|  |TAMS 0x000000070a600000, 0x000000070a600000| Untracked 
|  50|0x000000070a800000, 0x000000070a800000, 0x000000070aa00000|  0%| F|  |TAMS 0x000000070a800000, 0x000000070a800000| Untracked 
|  51|0x000000070aa00000, 0x000000070aa00000, 0x000000070ac00000|  0%| F|  |TAMS 0x000000070aa00000, 0x000000070aa00000| Untracked 
|  52|0x000000070ac00000, 0x000000070ac00000, 0x000000070ae00000|  0%| F|  |TAMS 0x000000070ac00000, 0x000000070ac00000| Untracked 
|  53|0x000000070ae00000, 0x000000070ae00000, 0x000000070b000000|  0%| F|  |TAMS 0x000000070ae00000, 0x000000070ae00000| Untracked 
|  54|0x000000070b000000, 0x000000070b000000, 0x000000070b200000|  0%| F|  |TAMS 0x000000070b000000, 0x000000070b000000| Untracked 
|  55|0x000000070b200000, 0x000000070b200000, 0x000000070b400000|  0%| F|  |TAMS 0x000000070b200000, 0x000000070b200000| Untracked 
|  56|0x000000070b400000, 0x000000070b400000, 0x000000070b600000|  0%| F|  |TAMS 0x000000070b400000, 0x000000070b400000| Untracked 
|  57|0x000000070b600000, 0x000000070b600000, 0x000000070b800000|  0%| F|  |TAMS 0x000000070b600000, 0x000000070b600000| Untracked 
|  58|0x000000070b800000, 0x000000070b800000, 0x000000070ba00000|  0%| F|  |TAMS 0x000000070b800000, 0x000000070b800000| Untracked 
|  59|0x000000070ba00000, 0x000000070ba00000, 0x000000070bc00000|  0%| F|  |TAMS 0x000000070ba00000, 0x000000070ba00000| Untracked 
|  60|0x000000070bc00000, 0x000000070bc00000, 0x000000070be00000|  0%| F|  |TAMS 0x000000070bc00000, 0x000000070bc00000| Untracked 
|  61|0x000000070be00000, 0x000000070be00000, 0x000000070c000000|  0%| F|  |TAMS 0x000000070be00000, 0x000000070be00000| Untracked 
|  62|0x000000070c000000, 0x000000070c000000, 0x000000070c200000|  0%| F|  |TAMS 0x000000070c000000, 0x000000070c000000| Untracked 
|  63|0x000000070c200000, 0x000000070c200000, 0x000000070c400000|  0%| F|  |TAMS 0x000000070c200000, 0x000000070c200000| Untracked 
|  64|0x000000070c400000, 0x000000070c400000, 0x000000070c600000|  0%| F|  |TAMS 0x000000070c400000, 0x000000070c400000| Untracked 
|  65|0x000000070c600000, 0x000000070c600000, 0x000000070c800000|  0%| F|  |TAMS 0x000000070c600000, 0x000000070c600000| Untracked 
|  66|0x000000070c800000, 0x000000070c800000, 0x000000070ca00000|  0%| F|  |TAMS 0x000000070c800000, 0x000000070c800000| Untracked 
|  67|0x000000070ca00000, 0x000000070ca00000, 0x000000070cc00000|  0%| F|  |TAMS 0x000000070ca00000, 0x000000070ca00000| Untracked 
|  68|0x000000070cc00000, 0x000000070cc00000, 0x000000070ce00000|  0%| F|  |TAMS 0x000000070cc00000, 0x000000070cc00000| Untracked 
|  69|0x000000070ce00000, 0x000000070ce00000, 0x000000070d000000|  0%| F|  |TAMS 0x000000070ce00000, 0x000000070ce00000| Untracked 
|  70|0x000000070d000000, 0x000000070d000000, 0x000000070d200000|  0%| F|  |TAMS 0x000000070d000000, 0x000000070d000000| Untracked 
|  71|0x000000070d200000, 0x000000070d200000, 0x000000070d400000|  0%| F|  |TAMS 0x000000070d200000, 0x000000070d200000| Untracked 
|  72|0x000000070d400000, 0x000000070d400000, 0x000000070d600000|  0%| F|  |TAMS 0x000000070d400000, 0x000000070d400000| Untracked 
|  73|0x000000070d600000, 0x000000070d600000, 0x000000070d800000|  0%| F|  |TAMS 0x000000070d600000, 0x000000070d600000| Untracked 
|  74|0x000000070d800000, 0x000000070d800000, 0x000000070da00000|  0%| F|  |TAMS 0x000000070d800000, 0x000000070d800000| Untracked 
|  75|0x000000070da00000, 0x000000070da00000, 0x000000070dc00000|  0%| F|  |TAMS 0x000000070da00000, 0x000000070da00000| Untracked 
|  76|0x000000070dc00000, 0x000000070dc00000, 0x000000070de00000|  0%| F|  |TAMS 0x000000070dc00000, 0x000000070dc00000| Untracked 
|  77|0x000000070de00000, 0x000000070de00000, 0x000000070e000000|  0%| F|  |TAMS 0x000000070de00000, 0x000000070de00000| Untracked 
|  78|0x000000070e000000, 0x000000070e000000, 0x000000070e200000|  0%| F|  |TAMS 0x000000070e000000, 0x000000070e000000| Untracked 
|  79|0x000000070e200000, 0x000000070e200000, 0x000000070e400000|  0%| F|  |TAMS 0x000000070e200000, 0x000000070e200000| Untracked 
|  80|0x000000070e400000, 0x000000070e400000, 0x000000070e600000|  0%| F|  |TAMS 0x000000070e400000, 0x000000070e400000| Untracked 
|  81|0x000000070e600000, 0x000000070e600000, 0x000000070e800000|  0%| F|  |TAMS 0x000000070e600000, 0x000000070e600000| Untracked 
|  82|0x000000070e800000, 0x000000070e800000, 0x000000070ea00000|  0%| F|  |TAMS 0x000000070e800000, 0x000000070e800000| Untracked 
|  83|0x000000070ea00000, 0x000000070ea00000, 0x000000070ec00000|  0%| F|  |TAMS 0x000000070ea00000, 0x000000070ea00000| Untracked 
|  84|0x000000070ec00000, 0x000000070ec00000, 0x000000070ee00000|  0%| F|  |TAMS 0x000000070ec00000, 0x000000070ec00000| Untracked 
|  85|0x000000070ee00000, 0x000000070ee00000, 0x000000070f000000|  0%| F|  |TAMS 0x000000070ee00000, 0x000000070ee00000| Untracked 
|  86|0x000000070f000000, 0x000000070f000000, 0x000000070f200000|  0%| F|  |TAMS 0x000000070f000000, 0x000000070f000000| Untracked 
|  87|0x000000070f200000, 0x000000070f200000, 0x000000070f400000|  0%| F|  |TAMS 0x000000070f200000, 0x000000070f200000| Untracked 
|  88|0x000000070f400000, 0x000000070f400000, 0x000000070f600000|  0%| F|  |TAMS 0x000000070f400000, 0x000000070f400000| Untracked 
|  89|0x000000070f600000, 0x000000070f600000, 0x000000070f800000|  0%| F|  |TAMS 0x000000070f600000, 0x000000070f600000| Untracked 
|  90|0x000000070f800000, 0x000000070f800000, 0x000000070fa00000|  0%| F|  |TAMS 0x000000070f800000, 0x000000070f800000| Untracked 
|  91|0x000000070fa00000, 0x000000070fa00000, 0x000000070fc00000|  0%| F|  |TAMS 0x000000070fa00000, 0x000000070fa00000| Untracked 
|  92|0x000000070fc00000, 0x000000070fc00000, 0x000000070fe00000|  0%| F|  |TAMS 0x000000070fc00000, 0x000000070fc00000| Untracked 
|  93|0x000000070fe00000, 0x000000070fe00000, 0x0000000710000000|  0%| F|  |TAMS 0x000000070fe00000, 0x000000070fe00000| Untracked 
|  94|0x0000000710000000, 0x0000000710000000, 0x0000000710200000|  0%| F|  |TAMS 0x0000000710000000, 0x0000000710000000| Untracked 
|  95|0x0000000710200000, 0x0000000710200000, 0x0000000710400000|  0%| F|  |TAMS 0x0000000710200000, 0x0000000710200000| Untracked 
|  96|0x0000000710400000, 0x0000000710400000, 0x0000000710600000|  0%| F|  |TAMS 0x0000000710400000, 0x0000000710400000| Untracked 
|  97|0x0000000710600000, 0x0000000710600000, 0x0000000710800000|  0%| F|  |TAMS 0x0000000710600000, 0x0000000710600000| Untracked 
|  98|0x0000000710800000, 0x0000000710800000, 0x0000000710a00000|  0%| F|  |TAMS 0x0000000710800000, 0x0000000710800000| Untracked 
|  99|0x0000000710a00000, 0x0000000710a00000, 0x0000000710c00000|  0%| F|  |TAMS 0x0000000710a00000, 0x0000000710a00000| Untracked 
| 100|0x0000000710c00000, 0x0000000710c00000, 0x0000000710e00000|  0%| F|  |TAMS 0x0000000710c00000, 0x0000000710c00000| Untracked 
| 101|0x0000000710e00000, 0x0000000710e00000, 0x0000000711000000|  0%| F|  |TAMS 0x0000000710e00000, 0x0000000710e00000| Untracked 
| 102|0x0000000711000000, 0x0000000711000000, 0x0000000711200000|  0%| F|  |TAMS 0x0000000711000000, 0x0000000711000000| Untracked 
| 103|0x0000000711200000, 0x0000000711200000, 0x0000000711400000|  0%| F|  |TAMS 0x0000000711200000, 0x0000000711200000| Untracked 
| 104|0x0000000711400000, 0x0000000711400000, 0x0000000711600000|  0%| F|  |TAMS 0x0000000711400000, 0x0000000711400000| Untracked 
| 105|0x0000000711600000, 0x0000000711600000, 0x0000000711800000|  0%| F|  |TAMS 0x0000000711600000, 0x0000000711600000| Untracked 
| 106|0x0000000711800000, 0x0000000711800000, 0x0000000711a00000|  0%| F|  |TAMS 0x0000000711800000, 0x0000000711800000| Untracked 
| 107|0x0000000711a00000, 0x0000000711a00000, 0x0000000711c00000|  0%| F|  |TAMS 0x0000000711a00000, 0x0000000711a00000| Untracked 
| 108|0x0000000711c00000, 0x0000000711c00000, 0x0000000711e00000|  0%| F|  |TAMS 0x0000000711c00000, 0x0000000711c00000| Untracked 
| 109|0x0000000711e00000, 0x0000000711e00000, 0x0000000712000000|  0%| F|  |TAMS 0x0000000711e00000, 0x0000000711e00000| Untracked 
| 110|0x0000000712000000, 0x0000000712000000, 0x0000000712200000|  0%| F|  |TAMS 0x0000000712000000, 0x0000000712000000| Untracked 
| 111|0x0000000712200000, 0x0000000712200000, 0x0000000712400000|  0%| F|  |TAMS 0x0000000712200000, 0x0000000712200000| Untracked 
| 112|0x0000000712400000, 0x0000000712400000, 0x0000000712600000|  0%| F|  |TAMS 0x0000000712400000, 0x0000000712400000| Untracked 
| 113|0x0000000712600000, 0x0000000712600000, 0x0000000712800000|  0%| F|  |TAMS 0x0000000712600000, 0x0000000712600000| Untracked 
| 114|0x0000000712800000, 0x0000000712800000, 0x0000000712a00000|  0%| F|  |TAMS 0x0000000712800000, 0x0000000712800000| Untracked 
| 115|0x0000000712a00000, 0x0000000712a00000, 0x0000000712c00000|  0%| F|  |TAMS 0x0000000712a00000, 0x0000000712a00000| Untracked 
| 116|0x0000000712c00000, 0x0000000712c00000, 0x0000000712e00000|  0%| F|  |TAMS 0x0000000712c00000, 0x0000000712c00000| Untracked 
| 117|0x0000000712e00000, 0x0000000712e00000, 0x0000000713000000|  0%| F|  |TAMS 0x0000000712e00000, 0x0000000712e00000| Untracked 
| 118|0x0000000713000000, 0x0000000713000000, 0x0000000713200000|  0%| F|  |TAMS 0x0000000713000000, 0x0000000713000000| Untracked 
| 119|0x0000000713200000, 0x0000000713273588, 0x0000000713400000| 22%| E|  |TAMS 0x0000000713200000, 0x0000000713200000| Complete 
| 120|0x0000000713400000, 0x0000000713600000, 0x0000000713600000|100%| E|CS|TAMS 0x0000000713400000, 0x0000000713400000| Complete 
| 121|0x0000000713600000, 0x0000000713800000, 0x0000000713800000|100%| E|CS|TAMS 0x0000000713600000, 0x0000000713600000| Complete 
| 122|0x0000000713800000, 0x0000000713a00000, 0x0000000713a00000|100%| E|CS|TAMS 0x0000000713800000, 0x0000000713800000| Complete 
| 123|0x0000000713a00000, 0x0000000713c00000, 0x0000000713c00000|100%| E|CS|TAMS 0x0000000713a00000, 0x0000000713a00000| Complete 
| 124|0x0000000713c00000, 0x0000000713e00000, 0x0000000713e00000|100%| E|CS|TAMS 0x0000000713c00000, 0x0000000713c00000| Complete 
| 125|0x0000000713e00000, 0x0000000714000000, 0x0000000714000000|100%| E|CS|TAMS 0x0000000713e00000, 0x0000000713e00000| Complete 

Card table byte_map: [0x000002041f760000,0x000002041ff40000] _byte_map_base: 0x000002041bf3e000

Marking Bits (Prev, Next): (CMBitMap*) 0x000002040bfe6e20, (CMBitMap*) 0x000002040bfe6e60
 Prev Bits: [0x0000020420720000, 0x0000020424610000)
 Next Bits: [0x0000020424610000, 0x0000020428500000)

Polling page: 0x0000020409eb0000

Metaspace:

Usage:
  Non-class:     12.33 MB used.
      Class:      1.36 MB used.
       Both:     13.69 MB used.

Virtual space:
  Non-class space:       64.00 MB reserved,      12.38 MB ( 19%) committed,  1 nodes.
      Class space:        1.00 GB reserved,       1.44 MB ( <1%) committed,  1 nodes.
             Both:        1.06 GB reserved,      13.81 MB (  1%) committed. 

Chunk freelists:
   Non-Class:  2.75 MB
       Class:  14.60 MB
        Both:  17.35 MB

MaxMetaspaceSize: unlimited
CompressedClassSpaceSize: 1.00 GB
Initial GC threshold: 21.00 MB
Current GC threshold: 21.00 MB
CDS: off
MetaspaceReclaimPolicy: balanced
 - commit_granule_bytes: 65536.
 - commit_granule_words: 8192.
 - virtual_space_node_default_size: 8388608.
 - enlarge_chunks_in_place: 1.
 - new_chunks_are_fully_committed: 0.
 - uncommit_free_chunks: 1.
 - use_allocation_guard: 0.
 - handle_deallocations: 1.


Internal statistics:

num_allocs_failed_limit: 0.
num_arena_births: 114.
num_arena_deaths: 0.
num_vsnodes_births: 2.
num_vsnodes_deaths: 0.
num_space_committed: 222.
num_space_uncommitted: 0.
num_chunks_returned_to_freelist: 0.
num_chunks_taken_from_freelist: 223.
num_chunk_merges: 0.
num_chunk_splits: 132.
num_chunks_enlarged: 83.
num_inconsistent_stats: 0.

CodeHeap 'non-profiled nmethods': size=119168Kb used=253Kb max_used=253Kb free=118914Kb
 bounds [0x0000020417290000, 0x0000020417500000, 0x000002041e6f0000]
CodeHeap 'profiled nmethods': size=119104Kb used=1551Kb max_used=1551Kb free=117552Kb
 bounds [0x000002040f6f0000, 0x000002040f960000, 0x0000020416b40000]
CodeHeap 'non-nmethods': size=7488Kb used=2299Kb max_used=2313Kb free=5189Kb
 bounds [0x0000020416b40000, 0x0000020416db0000, 0x0000020417290000]
 total_blobs=1394 nmethods=926 adapters=379
 compilation: enabled
              stopped_count=0, restarted_count=0
 full_count=0

Compilation events (20 events):
Event: 0.562 Thread 0x000002042b71e1c0  809       3       java.lang.ref.SoftReference::<init> (13 bytes)
Event: 0.562 Thread 0x000002042b5c8010  810       3       java.util.ImmutableCollections$List12::get (35 bytes)
Event: 0.563 Thread 0x000002042b71e1c0 nmethod 809 0x000002040f833790 code [0x000002040f833940, 0x000002040f833c78]
Event: 0.563 Thread 0x000002042b5c8010 nmethod 810 0x000002040f833d90 code [0x000002040f833f40, 0x000002040f834208]
Event: 0.563 Thread 0x000002042b7227a0 nmethod 806 0x000002040f834310 code [0x000002040f8345e0, 0x000002040f8353e8]
Event: 0.563 Thread 0x000002042b5c8010  813       3       jdk.internal.org.objectweb.asm.Frame::pop (44 bytes)
Event: 0.563 Thread 0x000002042b71e1c0  814       3       jdk.internal.org.objectweb.asm.MethodWriter::visitLabel (328 bytes)
Event: 0.563 Thread 0x000002042b5c8010 nmethod 813 0x000002040f835910 code [0x000002040f835aa0, 0x000002040f835c38]
Event: 0.563 Thread 0x000002042b7227a0  815       3       jdk.internal.org.objectweb.asm.MethodWriter::endCurrentBasicBlockWithNoSuccessor (94 bytes)
Event: 0.564 Thread 0x000002042b5c8010  816       3       jdk.internal.org.objectweb.asm.Frame::getAbstractTypeFromDescriptor (415 bytes)
Event: 0.564 Thread 0x000002042b7227a0 nmethod 815 0x000002040f835d10 code [0x000002040f835f00, 0x000002040f8365a8]
Event: 0.564 Thread 0x000002042b71e1c0 nmethod 814 0x000002040f836790 code [0x000002040f836a00, 0x000002040f837828]
Event: 0.565 Thread 0x000002042b71e1c0  820       3       sun.invoke.util.VerifyType::isNullConversion (157 bytes)
Event: 0.565 Thread 0x00000204301934f0 nmethod 804 0x00000204172c8a10 code [0x00000204172c8b80, 0x00000204172c8cf8]
Event: 0.565 Thread 0x000002042b7227a0  821       3       java.lang.invoke.LambdaForm$Name::<init> (44 bytes)
Event: 0.565 Thread 0x000002042b5c8010 nmethod 816 0x000002040f837a90 code [0x000002040f837e40, 0x000002040f8399b8]
Event: 0.565 Thread 0x000002042b5c8010  822       3       java.lang.invoke.LambdaForm$NamedFunction::returnType (11 bytes)
Event: 0.566 Thread 0x000002042b7227a0 nmethod 821 0x000002040f83a290 code [0x000002040f83a4a0, 0x000002040f83aa88]
Event: 0.566 Thread 0x000002042b5c8010 nmethod 822 0x000002040f83ad90 code [0x000002040f83af80, 0x000002040f83b408]
Event: 0.566 Thread 0x000002042b71e1c0 nmethod 820 0x000002040f83b610 code [0x000002040f83b940, 0x000002040f83cf28]

GC Heap History (0 events):
No events

Dll operation events (1 events):
Event: 0.007 Loaded shared library E:\APLIKASI\IntelliJ IDEA 2023.3.4\jbr\bin\java.dll

Deoptimization events (10 events):
Event: 0.370 Thread 0x000002040bf7b640 DEOPT PACKING pc=0x000002040f72ef2d sp=0x000000b9caffdda0
Event: 0.370 Thread 0x000002040bf7b640 DEOPT UNPACKING pc=0x0000020416b97143 sp=0x000000b9caffd238 mode 0
Event: 0.517 Thread 0x000002040bf7b640 Uncommon trap: trap_request=0xffffff45 fr.pc=0x00000204172af778 relative=0x00000000000003d8
Event: 0.517 Thread 0x000002040bf7b640 Uncommon trap: reason=unstable_if action=reinterpret pc=0x00000204172af778 method=java.lang.StringLatin1.newString([BII)Ljava/lang/String; @ 1 c2
Event: 0.517 Thread 0x000002040bf7b640 DEOPT PACKING pc=0x00000204172af778 sp=0x000000b9caffe550
Event: 0.517 Thread 0x000002040bf7b640 DEOPT UNPACKING pc=0x0000020416b969a3 sp=0x000000b9caffe518 mode 2
Event: 0.520 Thread 0x000002040bf7b640 DEOPT PACKING pc=0x000002040f7081e7 sp=0x000000b9caffe530
Event: 0.520 Thread 0x000002040bf7b640 DEOPT UNPACKING pc=0x0000020416b97143 sp=0x000000b9caffd950 mode 0
Event: 0.562 Thread 0x000002040bf7b640 DEOPT PACKING pc=0x000002040f707551 sp=0x000000b9caffd040
Event: 0.562 Thread 0x000002040bf7b640 DEOPT UNPACKING pc=0x0000020416b97143 sp=0x000000b9caffc4b8 mode 0

Classes unloaded (0 events):
No events

Classes redefined (0 events):
No events

Internal exceptions (17 events):
Event: 0.247 Thread 0x000002040bf7b640 Exception <a 'sun/nio/fs/WindowsException'{0x0000000713a039c0}> (0x0000000713a039c0) 
thrown [s\src\hotspot\share\prims\jni.cpp, line 517]
Event: 0.265 Thread 0x000002040bf7b640 Exception <a 'java/lang/NoSuchMethodError'{0x0000000713a2eb38}: 'int java.lang.invoke.DirectMethodHandle$Holder.invokeStaticInit(java.lang.Object, java.lang.Object, java.lang.Object, java.lang.Object)'> (0x0000000713a2eb38) 
thrown [s\src\hotspot\share\interpreter\linkResolver.cpp, line 771]
Event: 0.268 Thread 0x000002040bf7b640 Exception <a 'java/lang/NoSuchMethodError'{0x0000000713a39798}: 'java.lang.Object java.lang.invoke.DirectMethodHandle$Holder.invokeInterface(java.lang.Object, java.lang.Object)'> (0x0000000713a39798) 
thrown [s\src\hotspot\share\interpreter\linkResolver.cpp, line 771]
Event: 0.268 Thread 0x000002040bf7b640 Exception <a 'java/lang/IncompatibleClassChangeError'{0x0000000713a3d0b8}: Found class java.lang.Object, but interface was expected> (0x0000000713a3d0b8) 
thrown [s\src\hotspot\share\interpreter\linkResolver.cpp, line 838]
Event: 0.269 Thread 0x000002040bf7b640 Exception <a 'java/lang/NoSuchMethodError'{0x0000000713a40468}: 'void java.lang.invoke.DirectMethodHandle$Holder.invokeStatic(java.lang.Object, java.lang.Object)'> (0x0000000713a40468) 
thrown [s\src\hotspot\share\interpreter\linkResolver.cpp, line 771]
Event: 0.269 Thread 0x000002040bf7b640 Exception <a 'java/lang/NoSuchMethodError'{0x0000000713a43d80}: 'void java.lang.invoke.DirectMethodHandle$Holder.invokeStaticInit(java.lang.Object, java.lang.Object)'> (0x0000000713a43d80) 
thrown [s\src\hotspot\share\interpreter\linkResolver.cpp, line 771]
Event: 0.271 Thread 0x000002040bf7b640 Exception <a 'java/lang/NoSuchMethodError'{0x0000000713a4a618}: 'int java.lang.invoke.DirectMethodHandle$Holder.invokeStaticInit(java.lang.Object, java.lang.Object)'> (0x0000000713a4a618) 
thrown [s\src\hotspot\share\interpreter\linkResolver.cpp, line 771]
Event: 0.313 Thread 0x000002040bf7b640 Exception <a 'java/lang/NoSuchMethodError'{0x0000000713b30e40}: 'java.lang.Object java.lang.invoke.DirectMethodHandle$Holder.invokeStaticInit(java.lang.Object, int, int, int, int)'> (0x0000000713b30e40) 
thrown [s\src\hotspot\share\interpreter\linkResolver.cpp, line 771]
Event: 0.386 Thread 0x000002040bf7b640 Exception <a 'java/lang/NoSuchMethodError'{0x000000071380edc0}: 'java.lang.Object java.lang.invoke.DirectMethodHandle$Holder.invokeStaticInit(java.lang.Object, java.lang.Object, int, int, int, int)'> (0x000000071380edc0) 
thrown [s\src\hotspot\share\interpreter\linkResolver.cpp, line 771]
Event: 0.399 Thread 0x000002040bf7b640 Exception <a 'java/lang/NoSuchMethodError'{0x000000071386f730}: 'java.lang.Object java.lang.invoke.DirectMethodHandle$Holder.invokeStatic(java.lang.Object, java.lang.Object, int)'> (0x000000071386f730) 
thrown [s\src\hotspot\share\interpreter\linkResolver.cpp, line 771]
Event: 0.399 Thread 0x000002040bf7b640 Exception <a 'java/lang/NoSuchMethodError'{0x000000071387b1a8}: 'java.lang.Object java.lang.invoke.DirectMethodHandle$Holder.invokeStaticInit(java.lang.Object, java.lang.Object, int)'> (0x000000071387b1a8) 
thrown [s\src\hotspot\share\interpreter\linkResolver.cpp, line 771]
Event: 0.400 Thread 0x000002040bf7b640 Exception <a 'java/lang/NoSuchMethodError'{0x0000000713881558}: 'java.lang.Object java.lang.invoke.DirectMethodHandle$Holder.newInvokeSpecial(java.lang.Object, java.lang.Object, int)'> (0x0000000713881558) 
thrown [s\src\hotspot\share\interpreter\linkResolver.cpp, line 771]
Event: 0.404 Thread 0x000002040bf7b640 Exception <a 'java/lang/NoSuchMethodError'{0x0000000713890c28}: 'int java.lang.invoke.DirectMethodHandle$Holder.invokeStaticInit(java.lang.Object, java.lang.Object, java.lang.Object)'> (0x0000000713890c28) 
thrown [s\src\hotspot\share\interpreter\linkResolver.cpp, line 771]
Event: 0.407 Thread 0x000002040bf7b640 Exception <a 'java/lang/NoSuchMethodError'{0x00000007138a0e08}: 'int java.lang.invoke.DirectMethodHandle$Holder.invokeSpecial(java.lang.Object, java.lang.Object, java.lang.Object)'> (0x00000007138a0e08) 
thrown [s\src\hotspot\share\interpreter\linkResolver.cpp, line 771]
Event: 0.409 Thread 0x000002040bf7b640 Exception <a 'java/lang/NoSuchMethodError'{0x00000007138a91e8}: 'int java.lang.invoke.DirectMethodHandle$Holder.invokeSpecialIFC(java.lang.Object, java.lang.Object, java.lang.Object)'> (0x00000007138a91e8) 
thrown [s\src\hotspot\share\interpreter\linkResolver.cpp, line 771]
Event: 0.451 Thread 0x000002040bf7b640 Exception <a 'java/lang/NoSuchMethodError'{0x0000000713935de0}: 'java.lang.Object java.lang.invoke.DirectMethodHandle$Holder.invokeStaticInit(java.lang.Object)'> (0x0000000713935de0) 
thrown [s\src\hotspot\share\interpreter\linkResolver.cpp, line 771]
Event: 0.531 Thread 0x000002040bf7b640 Exception <a 'java/lang/NoSuchMethodError'{0x00000007136efeb0}: 'java.lang.Object java.lang.invoke.DirectMethodHandle$Holder.newInvokeSpecial(java.lang.Object, java.lang.Object, java.lang.Object, java.lang.Object, java.lang.Object)'> (0x00000007136efeb0) 
thrown [s\src\hotspot\share\interpreter\linkResolver.cpp, line 771]

VM Operations (8 events):
Event: 0.125 Executing VM operation: HandshakeAllThreads
Event: 0.125 Executing VM operation: HandshakeAllThreads done
Event: 0.139 Executing VM operation: HandshakeAllThreads
Event: 0.139 Executing VM operation: HandshakeAllThreads done
Event: 0.326 Executing VM operation: HandshakeAllThreads
Event: 0.326 Executing VM operation: HandshakeAllThreads done
Event: 0.454 Executing VM operation: HandshakeAllThreads
Event: 0.454 Executing VM operation: HandshakeAllThreads done

Events (20 events):
Event: 0.541 loading class java/net/URISyntaxException
Event: 0.541 loading class java/net/URISyntaxException done
Event: 0.542 loading class java/util/Base64
Event: 0.542 loading class java/util/Base64 done
Event: 0.542 loading class java/util/Base64$Encoder
Event: 0.542 loading class java/util/Base64$Encoder done
Event: 0.546 loading class java/net/URLPermission
Event: 0.547 loading class java/net/URLPermission done
Event: 0.548 loading class java/util/concurrent/CompletableFuture$UniCompose
Event: 0.548 loading class java/util/concurrent/CompletableFuture$UniCompletion
Event: 0.548 loading class java/util/concurrent/CompletableFuture$UniCompletion done
Event: 0.548 loading class java/util/concurrent/CompletableFuture$UniCompose done
Event: 0.548 loading class java/util/concurrent/ForkJoinTask$Aux
Event: 0.548 loading class java/util/concurrent/ForkJoinTask$Aux done
Event: 0.550 loading class java/util/concurrent/CompletableFuture$UniComposeExceptionally
Event: 0.550 loading class java/util/concurrent/CompletableFuture$UniComposeExceptionally done
Event: 0.551 loading class java/util/concurrent/CompletableFuture$AsyncSupply
Event: 0.551 loading class java/util/concurrent/CompletableFuture$AsyncSupply done
Event: 0.566 loading class java/lang/invoke/BoundMethodHandle$Species_LLLLL
Event: 0.566 loading class java/lang/invoke/BoundMethodHandle$Species_LLLLL done


Dynamic libraries:
0x00007ff7f07a0000 - 0x00007ff7f07aa000 	E:\APLIKASI\IntelliJ IDEA 2023.3.4\jbr\bin\java.exe
0x00007ffb96e30000 - 0x00007ffb97047000 	C:\WINDOWS\SYSTEM32\ntdll.dll
0x00007ffb954d0000 - 0x00007ffb95594000 	C:\WINDOWS\System32\KERNEL32.DLL
0x00007ffb94150000 - 0x00007ffb944f7000 	C:\WINDOWS\System32\KERNELBASE.dll
0x00007ffb94500000 - 0x00007ffb94611000 	C:\WINDOWS\System32\ucrtbase.dll
0x00007ffb81e70000 - 0x00007ffb81e87000 	E:\APLIKASI\IntelliJ IDEA 2023.3.4\jbr\bin\jli.dll
0x00007ffb77430000 - 0x00007ffb7744b000 	E:\APLIKASI\IntelliJ IDEA 2023.3.4\jbr\bin\VCRUNTIME140.dll
0x00007ffb94c10000 - 0x00007ffb94dbe000 	C:\WINDOWS\System32\USER32.dll
0x00007ffb821e0000 - 0x00007ffb82473000 	C:\WINDOWS\WinSxS\amd64_microsoft.windows.common-controls_6595b64144ccf1df_6.0.22621.3527_none_270e469b73872a76\COMCTL32.dll
0x00007ffb94a90000 - 0x00007ffb94ab6000 	C:\WINDOWS\System32\win32u.dll
0x00007ffb95910000 - 0x00007ffb959b7000 	C:\WINDOWS\System32\msvcrt.dll
0x00007ffb94be0000 - 0x00007ffb94c09000 	C:\WINDOWS\System32\GDI32.dll
0x00007ffb94970000 - 0x00007ffb94a89000 	C:\WINDOWS\System32\gdi32full.dll
0x00007ffb94ac0000 - 0x00007ffb94b5a000 	C:\WINDOWS\System32\msvcp_win.dll
0x00007ffb94e30000 - 0x00007ffb94e61000 	C:\WINDOWS\System32\IMM32.DLL
0x00007ffb71350000 - 0x00007ffb7135c000 	E:\APLIKASI\IntelliJ IDEA 2023.3.4\jbr\bin\vcruntime140_1.dll
0x00007ffb40b00000 - 0x00007ffb40b8d000 	E:\APLIKASI\IntelliJ IDEA 2023.3.4\jbr\bin\msvcp140.dll
0x00007ffb06b20000 - 0x00007ffb077a3000 	E:\APLIKASI\IntelliJ IDEA 2023.3.4\jbr\bin\server\jvm.dll
0x00007ffb95be0000 - 0x00007ffb95c92000 	C:\WINDOWS\System32\ADVAPI32.dll
0x00007ffb95650000 - 0x00007ffb956f8000 	C:\WINDOWS\System32\sechost.dll
0x00007ffb94940000 - 0x00007ffb94968000 	C:\WINDOWS\System32\bcrypt.dll
0x00007ffb95ca0000 - 0x00007ffb95db5000 	C:\WINDOWS\System32\RPCRT4.dll
0x00007ffb65970000 - 0x00007ffb65979000 	C:\WINDOWS\SYSTEM32\WSOCK32.dll
0x00007ffb92fb0000 - 0x00007ffb92ffd000 	C:\WINDOWS\SYSTEM32\POWRPROF.dll
0x00007ffb8ad10000 - 0x00007ffb8ad44000 	C:\WINDOWS\SYSTEM32\WINMM.dll
0x00007ffb82a90000 - 0x00007ffb82a9a000 	C:\WINDOWS\SYSTEM32\VERSION.dll
0x00007ffb96d70000 - 0x00007ffb96de1000 	C:\WINDOWS\System32\WS2_32.dll
0x00007ffb92f70000 - 0x00007ffb92f83000 	C:\WINDOWS\SYSTEM32\UMPDC.dll
0x00007ffb93220000 - 0x00007ffb93238000 	C:\WINDOWS\SYSTEM32\kernel.appcore.dll
0x00007ffb8c530000 - 0x00007ffb8c53a000 	E:\APLIKASI\IntelliJ IDEA 2023.3.4\jbr\bin\jimage.dll
0x00007ffb91450000 - 0x00007ffb91682000 	C:\WINDOWS\SYSTEM32\DBGHELP.DLL
0x00007ffb968e0000 - 0x00007ffb96c68000 	C:\WINDOWS\System32\combase.dll
0x00007ffb94ef0000 - 0x00007ffb94fc7000 	C:\WINDOWS\System32\OLEAUT32.dll
0x00007ffb5d750000 - 0x00007ffb5d782000 	C:\WINDOWS\SYSTEM32\dbgcore.DLL
0x00007ffb94800000 - 0x00007ffb94879000 	C:\WINDOWS\System32\bcryptPrimitives.dll
0x00007ffb8ab40000 - 0x00007ffb8ab65000 	E:\APLIKASI\IntelliJ IDEA 2023.3.4\jbr\bin\java.dll
0x00007ffb8c510000 - 0x00007ffb8c528000 	E:\APLIKASI\IntelliJ IDEA 2023.3.4\jbr\bin\zip.dll
0x00007ffb95dc0000 - 0x00007ffb9661c000 	C:\WINDOWS\System32\SHELL32.dll
0x00007ffb92050000 - 0x00007ffb92946000 	C:\WINDOWS\SYSTEM32\windows.storage.dll
0x00007ffb91f10000 - 0x00007ffb9204e000 	C:\WINDOWS\SYSTEM32\wintypes.dll
0x00007ffb96c70000 - 0x00007ffb96d65000 	C:\WINDOWS\System32\SHCORE.dll
0x00007ffb94e90000 - 0x00007ffb94eee000 	C:\WINDOWS\System32\shlwapi.dll
0x00007ffb94080000 - 0x00007ffb940a1000 	C:\WINDOWS\SYSTEM32\profapi.dll
0x00007ffb8a9b0000 - 0x00007ffb8a9c9000 	E:\APLIKASI\IntelliJ IDEA 2023.3.4\jbr\bin\net.dll
0x00007ffb8d230000 - 0x00007ffb8d366000 	C:\WINDOWS\SYSTEM32\WINHTTP.dll
0x00007ffb93680000 - 0x00007ffb936e9000 	C:\WINDOWS\system32\mswsock.dll
0x00007ffb88ce0000 - 0x00007ffb88cf6000 	E:\APLIKASI\IntelliJ IDEA 2023.3.4\jbr\bin\nio.dll
0x00007ffb8c560000 - 0x00007ffb8c56e000 	E:\APLIKASI\IntelliJ IDEA 2023.3.4\jbr\bin\sunmscapi.dll
0x00007ffb94620000 - 0x00007ffb94788000 	C:\WINDOWS\System32\CRYPT32.dll
0x00007ffb93af0000 - 0x00007ffb93b1e000 	C:\WINDOWS\SYSTEM32\ncrypt.dll
0x00007ffb93ab0000 - 0x00007ffb93ae7000 	C:\WINDOWS\SYSTEM32\NTASN1.dll
0x00007ffb93970000 - 0x00007ffb9398b000 	C:\WINDOWS\SYSTEM32\CRYPTSP.dll
0x00007ffb93180000 - 0x00007ffb931b5000 	C:\WINDOWS\system32\rsaenh.dll
0x00007ffb93720000 - 0x00007ffb93748000 	C:\WINDOWS\SYSTEM32\USERENV.dll
0x00007ffb93880000 - 0x00007ffb9388c000 	C:\WINDOWS\SYSTEM32\CRYPTBASE.dll
0x00007ffb92c60000 - 0x00007ffb92c8d000 	C:\WINDOWS\SYSTEM32\IPHLPAPI.DLL
0x00007ffb96720000 - 0x00007ffb96729000 	C:\WINDOWS\System32\NSI.dll
0x00007ffb8d070000 - 0x00007ffb8d089000 	C:\WINDOWS\SYSTEM32\dhcpcsvc6.DLL
0x00007ffb8d000000 - 0x00007ffb8d01f000 	C:\WINDOWS\SYSTEM32\dhcpcsvc.DLL
0x00007ffb92c90000 - 0x00007ffb92d88000 	C:\WINDOWS\SYSTEM32\DNSAPI.dll
0x00007ffb4eb10000 - 0x00007ffb4eb18000 	C:\WINDOWS\system32\wshunix.dll
0x00007ffb8c550000 - 0x00007ffb8c559000 	E:\APLIKASI\IntelliJ IDEA 2023.3.4\jbr\bin\extnet.dll

dbghelp: loaded successfully - version: 4.0.5 - missing functions: none
symbol engine: initialized successfully - sym options: 0x614 - pdb path: .;E:\APLIKASI\IntelliJ IDEA 2023.3.4\jbr\bin;C:\WINDOWS\SYSTEM32;C:\WINDOWS\WinSxS\amd64_microsoft.windows.common-controls_6595b64144ccf1df_6.0.22621.3527_none_270e469b73872a76;E:\APLIKASI\IntelliJ IDEA 2023.3.4\jbr\bin\server

VM Arguments:
java_command: git4idea.http.GitAskPassApp Password for 'https://RaditSuryaWijya@github.com': 
java_class_path (initial): E:/APLIKASI/IntelliJ IDEA 2023.3.4/plugins/vcs-git/lib/git4idea-rt.jar;E:/APLIKASI/IntelliJ IDEA 2023.3.4/lib/externalProcess-rt.jar
Launcher Type: SUN_STANDARD

[Global flags]
     intx CICompilerCount                          = 12                                        {product} {ergonomic}
     uint ConcGCThreads                            = 3                                         {product} {ergonomic}
     uint G1ConcRefinementThreads                  = 13                                        {product} {ergonomic}
   size_t G1HeapRegionSize                         = 2097152                                   {product} {ergonomic}
    uintx GCDrainStackTargetSize                   = 64                                        {product} {ergonomic}
   size_t InitialHeapSize                          = 264241152                                 {product} {ergonomic}
   size_t MarkStackSize                            = 4194304                                   {product} {ergonomic}
   size_t MaxHeapSize                              = 4223664128                                {product} {ergonomic}
   size_t MaxNewSize                               = 2533359616                                {product} {ergonomic}
   size_t MinHeapDeltaBytes                        = 2097152                                   {product} {ergonomic}
   size_t MinHeapSize                              = 8388608                                   {product} {ergonomic}
    uintx NonNMethodCodeHeapSize                   = 7602480                                {pd product} {ergonomic}
    uintx NonProfiledCodeHeapSize                  = 122027880                              {pd product} {ergonomic}
    uintx ProfiledCodeHeapSize                     = 122027880                              {pd product} {ergonomic}
    uintx ReservedCodeCacheSize                    = 251658240                              {pd product} {ergonomic}
     bool SegmentedCodeCache                       = true                                      {product} {ergonomic}
   size_t SoftMaxHeapSize                          = 4223664128                             {manageable} {ergonomic}
     bool UseCompressedClassPointers               = true                           {product lp64_product} {ergonomic}
     bool UseCompressedOops                        = true                           {product lp64_product} {ergonomic}
     bool UseG1GC                                  = true                                      {product} {ergonomic}
     bool UseLargePagesIndividualAllocation        = false                                  {pd product} {ergonomic}

Logging:
Log output configuration:
 #0: stdout all=warning uptime,level,tags
 #1: stderr all=off uptime,level,tags

Environment Variables:
PATH=E:\APLIKASI\Git\mingw64\libexec\git-core;E:\APLIKASI\Git\mingw64\libexec\git-core;E:\APLIKASI\Git\mingw64\bin;E:\APLIKASI\Git\usr\bin;C:\Users\enter\bin;C:\Program Files\Common Files\Oracle\Java\javapath;C:\WINDOWS\system32;C:\WINDOWS;C:\WINDOWS\System32\Wbem;C:\WINDOWS\System32\WindowsPowerShell\v1.0;C:\WINDOWS\System32\OpenSSH;C:\Program Files (x86)\Microsoft SQL Server\160\DTS\Binn;C:\Program Files (x86)\Microsoft SQL Server\160\Tools\Binn;C:\Program Files\Microsoft SQL Server\160\Tools\Binn;C:\Program Files\Microsoft SQL Server\Client SDK\ODBC\170\Tools\Binn;C:\Program Files\Microsoft SQL Server\160\DTS\Binn;C:\Program Files\Microsoft SQL Server\150\Tools\Binn;C:\Program Files\dotnet;E:\APLIKASI\Git\cmd;C:\Users\enter\.jdks\openjdk-21.0.2\bin;C:\Users\enter\AppData\Local\Microsoft\WindowsApps;C:\Users\enter\AppData\Local\Programs\Microsoft VS Code\bin;C:\Users\enter\.dotnet\tools
USERNAME=PINTAR
DISPLAY=:0.0
LC_ALL=en_US.UTF-8
TERM=xterm-256color
TMPDIR=C:\Users\enter\AppData\Local\Temp
OS=Windows_NT
PROCESSOR_IDENTIFIER=Intel64 Family 6 Model 186 Stepping 2, GenuineIntel
TMP=C:\Users\enter\AppData\Local\Temp
TEMP=C:\Users\enter\AppData\Local\Temp



Periodic native trim disabled

JNI global refs:
JNI global refs: 27, weak refs: 0

JNI global refs memory usage: 843, weak refs: 209

OOME stack traces (most recent first):
Classloader memory used:
Loader bootstrap                                                                       : 1605K
Loader jdk.internal.loader.ClassLoaders$PlatformClassLoader                            : 156K
Loader jdk.internal.loader.ClassLoaders$AppClassLoader                                 : 1808B


---------------  S Y S T E M  ---------------

OS:
 Windows 11 , 64 bit Build 22621 (10.0.22621.3527)
OS uptime: 5 days 9:27 hours
Hyper-V role detected

CPU: total 16 (initial active 16) (8 cores per cpu, 2 threads per core) family 6 model 186 stepping 2 microcode 0x410e, cx8, cmov, fxsr, ht, mmx, 3dnowpref, sse, sse2, sse3, ssse3, sse4.1, sse4.2, popcnt, lzcnt, tsc, tscinvbit, avx, avx2, aes, erms, clmul, bmi1, bmi2, adx, sha, fma, vzeroupper, clflush, clflushopt, clwb, hv
Processor Information for processor 0
  Max Mhz: 2400, Current Mhz: 2400, Mhz Limit: 2400
Processor Information for processor 1
  Max Mhz: 2400, Current Mhz: 2400, Mhz Limit: 2400
Processor Information for processor 2
  Max Mhz: 2400, Current Mhz: 2400, Mhz Limit: 2400
Processor Information for processor 3
  Max Mhz: 2400, Current Mhz: 2400, Mhz Limit: 2400
Processor Information for processor 4
  Max Mhz: 2400, Current Mhz: 2400, Mhz Limit: 2400
Processor Information for processor 5
  Max Mhz: 2400, Current Mhz: 2400, Mhz Limit: 2400
Processor Information for processor 6
  Max Mhz: 2400, Current Mhz: 2400, Mhz Limit: 2400
Processor Information for processor 7
  Max Mhz: 2400, Current Mhz: 2400, Mhz Limit: 2400
Processor Information for processor 8
  Max Mhz: 2400, Current Mhz: 1040, Mhz Limit: 2400
Processor Information for processor 9
  Max Mhz: 2400, Current Mhz: 2400, Mhz Limit: 2400
Processor Information for processor 10
  Max Mhz: 2400, Current Mhz: 1040, Mhz Limit: 2400
Processor Information for processor 11
  Max Mhz: 2400, Current Mhz: 2400, Mhz Limit: 2400
Processor Information for processor 12
  Max Mhz: 2400, Current Mhz: 1800, Mhz Limit: 1800
Processor Information for processor 13
  Max Mhz: 2400, Current Mhz: 1200, Mhz Limit: 1800
Processor Information for processor 14
  Max Mhz: 2400, Current Mhz: 1200, Mhz Limit: 1800
Processor Information for processor 15
  Max Mhz: 2400, Current Mhz: 1200, Mhz Limit: 1800

Memory: 4k page, system-wide physical 16107M (2402M free)
TotalPageFile size 32071M (AvailPageFile size 2M)
current process WorkingSet (physical memory assigned to process): 66M, peak: 66M
current process commit charge ("private bytes"): 360M, peak: 361M

vm_info: OpenJDK 64-Bit Server VM (17.0.10+1-b1087.17) for windows-amd64 JRE (17.0.10+1-b1087.17), built on 2024-01-19 by "builduser" with MS VC++ 16.10 / 16.11 (VS2019)

END.
